0 info it worked if it ends with ok
1 verbose cli [ 'C:\\Program Files\\nodejs\\node.exe',
1 verbose cli   'C:\\Program Files\\nodejs\\node_modules\\npm\\bin\\npm-cli.js',
1 verbose cli   'install',
1 verbose cli   '--global',
1 verbose cli   'windows-build-tools' ]
2 info using npm@3.10.10
3 info using node@v6.11.5
4 silly loadCurrentTree Starting
5 silly install loadCurrentTree
6 silly install readGlobalPackageData
7 silly fetchPackageMetaData windows-build-tools
8 silly fetchNamedPackageData windows-build-tools
9 silly mapToRegistry name windows-build-tools
10 silly mapToRegistry using default registry
11 silly mapToRegistry registry https://registry.npmjs.org/
12 silly mapToRegistry data Result {
12 silly mapToRegistry   raw: 'windows-build-tools',
12 silly mapToRegistry   scope: null,
12 silly mapToRegistry   escapedName: 'windows-build-tools',
12 silly mapToRegistry   name: 'windows-build-tools',
12 silly mapToRegistry   rawSpec: '',
12 silly mapToRegistry   spec: 'latest',
12 silly mapToRegistry   type: 'tag' }
13 silly mapToRegistry uri https://registry.npmjs.org/windows-build-tools
14 verbose request uri https://registry.npmjs.org/windows-build-tools
15 verbose request no auth needed
16 info attempt registry request try #1 at 10:41:39 AM
17 verbose request id b004d39189e3537c
18 http request GET https://registry.npmjs.org/windows-build-tools
19 http 200 https://registry.npmjs.org/windows-build-tools
20 verbose headers { server: 'nginx/1.10.1',
20 verbose headers   'content-type': 'application/json',
20 verbose headers   'last-modified': 'Tue, 24 Oct 2017 06:13:11 GMT',
20 verbose headers   etag: 'W/"59eed9f7-10181"',
20 verbose headers   'content-encoding': 'gzip',
20 verbose headers   'cache-control': 'max-age=300',
20 verbose headers   'content-length': '8144',
20 verbose headers   'accept-ranges': 'bytes',
20 verbose headers   date: 'Tue, 31 Oct 2017 10:41:43 GMT',
20 verbose headers   via: '1.1 varnish',
20 verbose headers   age: '234',
20 verbose headers   connection: 'keep-alive',
20 verbose headers   'x-served-by': 'cache-hhn1545-HHN',
20 verbose headers   'x-cache': 'HIT',
20 verbose headers   'x-cache-hits': '1',
20 verbose headers   'x-timer': 'S1509446503.442011,VS0,VE0',
20 verbose headers   vary: 'Accept-Encoding, Accept' }
21 silly get cb [ 200,
21 silly get   { server: 'nginx/1.10.1',
21 silly get     'content-type': 'application/json',
21 silly get     'last-modified': 'Tue, 24 Oct 2017 06:13:11 GMT',
21 silly get     etag: 'W/"59eed9f7-10181"',
21 silly get     'content-encoding': 'gzip',
21 silly get     'cache-control': 'max-age=300',
21 silly get     'content-length': '8144',
21 silly get     'accept-ranges': 'bytes',
21 silly get     date: 'Tue, 31 Oct 2017 10:41:43 GMT',
21 silly get     via: '1.1 varnish',
21 silly get     age: '234',
21 silly get     connection: 'keep-alive',
21 silly get     'x-served-by': 'cache-hhn1545-HHN',
21 silly get     'x-cache': 'HIT',
21 silly get     'x-cache-hits': '1',
21 silly get     'x-timer': 'S1509446503.442011,VS0,VE0',
21 silly get     vary: 'Accept-Encoding, Accept' } ]
22 verbose get saving windows-build-tools to C:\Users\fgyhhg\AppData\Roaming\npm-cache\registry.npmjs.org\windows-build-tools\.cache.json
23 verbose correctMkdir C:\Users\fgyhhg\AppData\Roaming\npm-cache correctMkdir not in flight; initializing
24 silly install normalizeTree
25 silly loadCurrentTree Finishing
26 silly loadIdealTree Starting
27 silly install loadIdealTree
28 silly cloneCurrentTree Starting
29 silly install cloneCurrentTreeToIdealTree
30 silly cloneCurrentTree Finishing
31 silly loadShrinkwrap Starting
32 silly install loadShrinkwrap
33 silly loadShrinkwrap Finishing
34 silly loadAllDepsIntoIdealTree Starting
35 silly install loadAllDepsIntoIdealTree
36 silly resolveWithNewModule windows-build-tools@1.3.2 checking installable status
37 silly cache add args [ 'windows-build-tools', null ]
38 verbose cache add spec windows-build-tools
39 silly cache add parsed spec Result {
39 silly cache add   raw: 'windows-build-tools',
39 silly cache add   scope: null,
39 silly cache add   escapedName: 'windows-build-tools',
39 silly cache add   name: 'windows-build-tools',
39 silly cache add   rawSpec: '',
39 silly cache add   spec: 'latest',
39 silly cache add   type: 'tag' }
40 silly addNamed windows-build-tools@latest
41 verbose addNamed "latest" is being treated as a dist-tag for windows-build-tools
42 info addNameTag [ 'windows-build-tools', 'latest' ]
43 silly mapToRegistry name windows-build-tools
44 silly mapToRegistry using default registry
45 silly mapToRegistry registry https://registry.npmjs.org/
46 silly mapToRegistry data Result {
46 silly mapToRegistry   raw: 'windows-build-tools',
46 silly mapToRegistry   scope: null,
46 silly mapToRegistry   escapedName: 'windows-build-tools',
46 silly mapToRegistry   name: 'windows-build-tools',
46 silly mapToRegistry   rawSpec: '',
46 silly mapToRegistry   spec: 'latest',
46 silly mapToRegistry   type: 'tag' }
47 silly mapToRegistry uri https://registry.npmjs.org/windows-build-tools
48 verbose addNameTag registry:https://registry.npmjs.org/windows-build-tools not in flight; fetching
49 verbose get https://registry.npmjs.org/windows-build-tools not expired, no request
50 silly addNameTag next cb for windows-build-tools with tag latest
51 silly addNamed windows-build-tools@1.3.2
52 verbose addNamed "1.3.2" is a plain semver version for windows-build-tools
53 silly mapToRegistry name windows-build-tools
54 silly mapToRegistry using default registry
55 silly mapToRegistry registry https://registry.npmjs.org/
56 silly mapToRegistry data Result {
56 silly mapToRegistry   raw: 'windows-build-tools',
56 silly mapToRegistry   scope: null,
56 silly mapToRegistry   escapedName: 'windows-build-tools',
56 silly mapToRegistry   name: 'windows-build-tools',
56 silly mapToRegistry   rawSpec: '',
56 silly mapToRegistry   spec: 'latest',
56 silly mapToRegistry   type: 'tag' }
57 silly mapToRegistry uri https://registry.npmjs.org/windows-build-tools
58 verbose addRemoteTarball https://registry.npmjs.org/windows-build-tools/-/windows-build-tools-1.3.2.tgz not in flight; adding
59 verbose addRemoteTarball [ 'https://registry.npmjs.org/windows-build-tools/-/windows-build-tools-1.3.2.tgz',
59 verbose addRemoteTarball   'e49ed948c23d0b011578b73d46eb3312b46a99b3' ]
60 info retry fetch attempt 1 at 10:41:40 AM
61 info attempt registry request try #1 at 10:41:40 AM
62 http fetch GET https://registry.npmjs.org/windows-build-tools/-/windows-build-tools-1.3.2.tgz
63 http fetch 200 https://registry.npmjs.org/windows-build-tools/-/windows-build-tools-1.3.2.tgz
64 silly fetchAndShaCheck shasum e49ed948c23d0b011578b73d46eb3312b46a99b3
65 verbose addTmpTarball C:\Users\fgyhhg\AppData\Local\Temp\npm-6656-395b28a9\registry.npmjs.org\windows-build-tools\-\windows-build-tools-1.3.2.tgz not in flight; adding
66 verbose addTmpTarball already have metadata; skipping unpack for windows-build-tools@1.3.2
67 verbose correctMkdir C:\Users\fgyhhg\AppData\Roaming\npm-cache correctMkdir not in flight; initializing
68 silly cache afterAdd windows-build-tools@1.3.2
69 verbose afterAdd C:\Users\fgyhhg\AppData\Roaming\npm-cache\windows-build-tools\1.3.2\package\package.json not in flight; writing
70 verbose correctMkdir C:\Users\fgyhhg\AppData\Roaming\npm-cache correctMkdir not in flight; initializing
71 verbose afterAdd C:\Users\fgyhhg\AppData\Roaming\npm-cache\windows-build-tools\1.3.2\package\package.json written
72 silly fetchNamedPackageData chalk
73 silly mapToRegistry name chalk
74 silly mapToRegistry using default registry
75 silly mapToRegistry registry https://registry.npmjs.org/
76 silly mapToRegistry data Result {
76 silly mapToRegistry   raw: 'chalk',
76 silly mapToRegistry   scope: null,
76 silly mapToRegistry   escapedName: 'chalk',
76 silly mapToRegistry   name: 'chalk',
76 silly mapToRegistry   rawSpec: '',
76 silly mapToRegistry   spec: 'latest',
76 silly mapToRegistry   type: 'tag' }
77 silly mapToRegistry uri https://registry.npmjs.org/chalk
78 silly fetchNamedPackageData cli-spinner
79 silly mapToRegistry name cli-spinner
80 silly mapToRegistry using default registry
81 silly mapToRegistry registry https://registry.npmjs.org/
82 silly mapToRegistry data Result {
82 silly mapToRegistry   raw: 'cli-spinner',
82 silly mapToRegistry   scope: null,
82 silly mapToRegistry   escapedName: 'cli-spinner',
82 silly mapToRegistry   name: 'cli-spinner',
82 silly mapToRegistry   rawSpec: '',
82 silly mapToRegistry   spec: 'latest',
82 silly mapToRegistry   type: 'tag' }
83 silly mapToRegistry uri https://registry.npmjs.org/cli-spinner
84 silly fetchNamedPackageData debug
85 silly mapToRegistry name debug
86 silly mapToRegistry using default registry
87 silly mapToRegistry registry https://registry.npmjs.org/
88 silly mapToRegistry data Result {
88 silly mapToRegistry   raw: 'debug',
88 silly mapToRegistry   scope: null,
88 silly mapToRegistry   escapedName: 'debug',
88 silly mapToRegistry   name: 'debug',
88 silly mapToRegistry   rawSpec: '',
88 silly mapToRegistry   spec: 'latest',
88 silly mapToRegistry   type: 'tag' }
89 silly mapToRegistry uri https://registry.npmjs.org/debug
90 silly fetchNamedPackageData fs-extra
91 silly mapToRegistry name fs-extra
92 silly mapToRegistry using default registry
93 silly mapToRegistry registry https://registry.npmjs.org/
94 silly mapToRegistry data Result {
94 silly mapToRegistry   raw: 'fs-extra',
94 silly mapToRegistry   scope: null,
94 silly mapToRegistry   escapedName: 'fs-extra',
94 silly mapToRegistry   name: 'fs-extra',
94 silly mapToRegistry   rawSpec: '',
94 silly mapToRegistry   spec: 'latest',
94 silly mapToRegistry   type: 'tag' }
95 silly mapToRegistry uri https://registry.npmjs.org/fs-extra
96 silly fetchNamedPackageData nugget
97 silly mapToRegistry name nugget
98 silly mapToRegistry using default registry
99 silly mapToRegistry registry https://registry.npmjs.org/
100 silly mapToRegistry data Result {
100 silly mapToRegistry   raw: 'nugget',
100 silly mapToRegistry   scope: null,
100 silly mapToRegistry   escapedName: 'nugget',
100 silly mapToRegistry   name: 'nugget',
100 silly mapToRegistry   rawSpec: '',
100 silly mapToRegistry   spec: 'latest',
100 silly mapToRegistry   type: 'tag' }
101 silly mapToRegistry uri https://registry.npmjs.org/nugget
102 verbose request uri https://registry.npmjs.org/cli-spinner
103 verbose request no auth needed
104 info attempt registry request try #1 at 10:41:40 AM
105 http request GET https://registry.npmjs.org/cli-spinner
106 verbose request uri https://registry.npmjs.org/fs-extra
107 verbose request no auth needed
108 info attempt registry request try #1 at 10:41:40 AM
109 http request GET https://registry.npmjs.org/fs-extra
110 verbose request uri https://registry.npmjs.org/nugget
111 verbose request no auth needed
112 info attempt registry request try #1 at 10:41:40 AM
113 http request GET https://registry.npmjs.org/nugget
114 verbose request uri https://registry.npmjs.org/chalk
115 verbose request no auth needed
116 info attempt registry request try #1 at 10:41:40 AM
117 verbose etag W/"59f7eac2-cfde"
118 verbose lastModified Tue, 31 Oct 2017 03:15:14 GMT
119 http request GET https://registry.npmjs.org/chalk
120 verbose request uri https://registry.npmjs.org/debug
121 verbose request no auth needed
122 info attempt registry request try #1 at 10:41:40 AM
123 verbose etag W/"59f24cbb-18f47"
124 verbose lastModified Thu, 26 Oct 2017 20:59:39 GMT
125 http request GET https://registry.npmjs.org/debug
126 http 200 https://registry.npmjs.org/cli-spinner
127 verbose headers { server: 'nginx/1.10.1',
127 verbose headers   'content-type': 'application/json',
127 verbose headers   'last-modified': 'Thu, 26 Oct 2017 06:27:14 GMT',
127 verbose headers   etag: 'W/"59f18042-402c"',
127 verbose headers   'content-encoding': 'gzip',
127 verbose headers   'cache-control': 'max-age=300',
127 verbose headers   'content-length': '3101',
127 verbose headers   'accept-ranges': 'bytes',
127 verbose headers   date: 'Tue, 31 Oct 2017 10:41:44 GMT',
127 verbose headers   via: '1.1 varnish',
127 verbose headers   age: '234',
127 verbose headers   connection: 'keep-alive',
127 verbose headers   'x-served-by': 'cache-hhn1545-HHN',
127 verbose headers   'x-cache': 'HIT',
127 verbose headers   'x-cache-hits': '1',
127 verbose headers   'x-timer': 'S1509446504.000057,VS0,VE0',
127 verbose headers   vary: 'Accept-Encoding, Accept' }
128 silly get cb [ 200,
128 silly get   { server: 'nginx/1.10.1',
128 silly get     'content-type': 'application/json',
128 silly get     'last-modified': 'Thu, 26 Oct 2017 06:27:14 GMT',
128 silly get     etag: 'W/"59f18042-402c"',
128 silly get     'content-encoding': 'gzip',
128 silly get     'cache-control': 'max-age=300',
128 silly get     'content-length': '3101',
128 silly get     'accept-ranges': 'bytes',
128 silly get     date: 'Tue, 31 Oct 2017 10:41:44 GMT',
128 silly get     via: '1.1 varnish',
128 silly get     age: '234',
128 silly get     connection: 'keep-alive',
128 silly get     'x-served-by': 'cache-hhn1545-HHN',
128 silly get     'x-cache': 'HIT',
128 silly get     'x-cache-hits': '1',
128 silly get     'x-timer': 'S1509446504.000057,VS0,VE0',
128 silly get     vary: 'Accept-Encoding, Accept' } ]
129 verbose get saving cli-spinner to C:\Users\fgyhhg\AppData\Roaming\npm-cache\registry.npmjs.org\cli-spinner\.cache.json
130 verbose correctMkdir C:\Users\fgyhhg\AppData\Roaming\npm-cache correctMkdir not in flight; initializing
131 silly resolveWithNewModule cli-spinner@0.2.7 checking installable status
132 silly cache add args [ 'cli-spinner@^0.2.6', null ]
133 verbose cache add spec cli-spinner@^0.2.6
134 silly cache add parsed spec Result {
134 silly cache add   raw: 'cli-spinner@^0.2.6',
134 silly cache add   scope: null,
134 silly cache add   escapedName: 'cli-spinner',
134 silly cache add   name: 'cli-spinner',
134 silly cache add   rawSpec: '^0.2.6',
134 silly cache add   spec: '>=0.2.6 <0.3.0',
134 silly cache add   type: 'range' }
135 silly addNamed cli-spinner@>=0.2.6 <0.3.0
136 verbose addNamed ">=0.2.6 <0.3.0" is a valid semver range for cli-spinner
137 silly addNameRange { name: 'cli-spinner', range: '>=0.2.6 <0.3.0', hasData: false }
138 silly mapToRegistry name cli-spinner
139 silly mapToRegistry using default registry
140 silly mapToRegistry registry https://registry.npmjs.org/
141 silly mapToRegistry data Result {
141 silly mapToRegistry   raw: 'cli-spinner',
141 silly mapToRegistry   scope: null,
141 silly mapToRegistry   escapedName: 'cli-spinner',
141 silly mapToRegistry   name: 'cli-spinner',
141 silly mapToRegistry   rawSpec: '',
141 silly mapToRegistry   spec: 'latest',
141 silly mapToRegistry   type: 'tag' }
142 silly mapToRegistry uri https://registry.npmjs.org/cli-spinner
143 verbose addNameRange registry:https://registry.npmjs.org/cli-spinner not in flight; fetching
144 verbose get https://registry.npmjs.org/cli-spinner not expired, no request
145 silly addNameRange number 2 { name: 'cli-spinner', range: '>=0.2.6 <0.3.0', hasData: true }
146 silly addNameRange versions [ 'cli-spinner',
146 silly addNameRange   [ '0.1.2',
146 silly addNameRange     '0.1.4',
146 silly addNameRange     '0.1.5',
146 silly addNameRange     '0.1.6',
146 silly addNameRange     '0.2.0',
146 silly addNameRange     '0.2.1',
146 silly addNameRange     '0.2.2',
146 silly addNameRange     '0.2.3',
146 silly addNameRange     '0.2.4',
146 silly addNameRange     '0.2.5',
146 silly addNameRange     '0.2.6',
146 silly addNameRange     '0.2.7' ] ]
147 silly addNamed cli-spinner@0.2.7
148 verbose addNamed "0.2.7" is a plain semver version for cli-spinner
149 silly mapToRegistry name cli-spinner
150 silly mapToRegistry using default registry
151 silly mapToRegistry registry https://registry.npmjs.org/
152 silly mapToRegistry data Result {
152 silly mapToRegistry   raw: 'cli-spinner',
152 silly mapToRegistry   scope: null,
152 silly mapToRegistry   escapedName: 'cli-spinner',
152 silly mapToRegistry   name: 'cli-spinner',
152 silly mapToRegistry   rawSpec: '',
152 silly mapToRegistry   spec: 'latest',
152 silly mapToRegistry   type: 'tag' }
153 silly mapToRegistry uri https://registry.npmjs.org/cli-spinner
154 verbose addRemoteTarball https://registry.npmjs.org/cli-spinner/-/cli-spinner-0.2.7.tgz not in flight; adding
155 verbose addRemoteTarball [ 'https://registry.npmjs.org/cli-spinner/-/cli-spinner-0.2.7.tgz',
155 verbose addRemoteTarball   '7f7868a6f52ed5a621d5169ced428b61847a97c7' ]
156 info retry fetch attempt 1 at 10:41:41 AM
157 info attempt registry request try #1 at 10:41:41 AM
158 http fetch GET https://registry.npmjs.org/cli-spinner/-/cli-spinner-0.2.7.tgz
159 http fetch 200 https://registry.npmjs.org/cli-spinner/-/cli-spinner-0.2.7.tgz
160 silly fetchAndShaCheck shasum 7f7868a6f52ed5a621d5169ced428b61847a97c7
161 verbose addTmpTarball C:\Users\fgyhhg\AppData\Local\Temp\npm-6656-395b28a9\registry.npmjs.org\cli-spinner\-\cli-spinner-0.2.7.tgz not in flight; adding
162 verbose addTmpTarball already have metadata; skipping unpack for cli-spinner@0.2.7
163 verbose correctMkdir C:\Users\fgyhhg\AppData\Roaming\npm-cache correctMkdir not in flight; initializing
164 silly cache afterAdd cli-spinner@0.2.7
165 verbose afterAdd C:\Users\fgyhhg\AppData\Roaming\npm-cache\cli-spinner\0.2.7\package\package.json not in flight; writing
166 verbose correctMkdir C:\Users\fgyhhg\AppData\Roaming\npm-cache correctMkdir not in flight; initializing
167 verbose afterAdd C:\Users\fgyhhg\AppData\Roaming\npm-cache\cli-spinner\0.2.7\package\package.json written
168 http 304 https://registry.npmjs.org/chalk
169 verbose headers { date: 'Tue, 31 Oct 2017 10:41:44 GMT',
169 verbose headers   via: '1.1 varnish',
169 verbose headers   'cache-control': 'max-age=300',
169 verbose headers   etag: 'W/"59f7eac2-cfde"',
169 verbose headers   age: '19',
169 verbose headers   connection: 'keep-alive',
169 verbose headers   'x-served-by': 'cache-hhn1532-HHN',
169 verbose headers   'x-cache': 'HIT',
169 verbose headers   'x-cache-hits': '2',
169 verbose headers   'x-timer': 'S1509446504.254731,VS0,VE0',
169 verbose headers   vary: 'Accept-Encoding, Accept' }
170 silly get cb [ 304,
170 silly get   { date: 'Tue, 31 Oct 2017 10:41:44 GMT',
170 silly get     via: '1.1 varnish',
170 silly get     'cache-control': 'max-age=300',
170 silly get     etag: 'W/"59f7eac2-cfde"',
170 silly get     age: '19',
170 silly get     connection: 'keep-alive',
170 silly get     'x-served-by': 'cache-hhn1532-HHN',
170 silly get     'x-cache': 'HIT',
170 silly get     'x-cache-hits': '2',
170 silly get     'x-timer': 'S1509446504.254731,VS0,VE0',
170 silly get     vary: 'Accept-Encoding, Accept' } ]
171 verbose etag https://registry.npmjs.org/chalk from cache
172 verbose get saving chalk to C:\Users\fgyhhg\AppData\Roaming\npm-cache\registry.npmjs.org\chalk\.cache.json
173 verbose correctMkdir C:\Users\fgyhhg\AppData\Roaming\npm-cache correctMkdir not in flight; initializing
174 silly resolveWithNewModule chalk@1.1.3 checking installable status
175 silly cache add args [ 'chalk@^1.1.3', null ]
176 verbose cache add spec chalk@^1.1.3
177 silly cache add parsed spec Result {
177 silly cache add   raw: 'chalk@^1.1.3',
177 silly cache add   scope: null,
177 silly cache add   escapedName: 'chalk',
177 silly cache add   name: 'chalk',
177 silly cache add   rawSpec: '^1.1.3',
177 silly cache add   spec: '>=1.1.3 <2.0.0',
177 silly cache add   type: 'range' }
178 silly addNamed chalk@>=1.1.3 <2.0.0
179 verbose addNamed ">=1.1.3 <2.0.0" is a valid semver range for chalk
180 silly addNameRange { name: 'chalk', range: '>=1.1.3 <2.0.0', hasData: false }
181 silly mapToRegistry name chalk
182 silly mapToRegistry using default registry
183 silly mapToRegistry registry https://registry.npmjs.org/
184 silly mapToRegistry data Result {
184 silly mapToRegistry   raw: 'chalk',
184 silly mapToRegistry   scope: null,
184 silly mapToRegistry   escapedName: 'chalk',
184 silly mapToRegistry   name: 'chalk',
184 silly mapToRegistry   rawSpec: '',
184 silly mapToRegistry   spec: 'latest',
184 silly mapToRegistry   type: 'tag' }
185 silly mapToRegistry uri https://registry.npmjs.org/chalk
186 verbose addNameRange registry:https://registry.npmjs.org/chalk not in flight; fetching
187 verbose get https://registry.npmjs.org/chalk not expired, no request
188 silly addNameRange number 2 { name: 'chalk', range: '>=1.1.3 <2.0.0', hasData: true }
189 silly addNameRange versions [ 'chalk',
189 silly addNameRange   [ '0.1.0',
189 silly addNameRange     '0.1.1',
189 silly addNameRange     '0.2.0',
189 silly addNameRange     '0.2.1',
189 silly addNameRange     '0.3.0',
189 silly addNameRange     '0.4.0',
189 silly addNameRange     '0.5.0',
189 silly addNameRange     '0.5.1',
189 silly addNameRange     '1.0.0',
189 silly addNameRange     '1.1.0',
189 silly addNameRange     '1.1.1',
189 silly addNameRange     '1.1.2',
189 silly addNameRange     '1.1.3',
189 silly addNameRange     '2.0.0',
189 silly addNameRange     '2.0.1',
189 silly addNameRange     '2.1.0',
189 silly addNameRange     '2.2.0',
189 silly addNameRange     '2.2.2',
189 silly addNameRange     '2.3.0' ] ]
190 silly addNamed chalk@1.1.3
191 verbose addNamed "1.1.3" is a plain semver version for chalk
192 silly cache afterAdd chalk@1.1.3
193 verbose afterAdd C:\Users\fgyhhg\AppData\Roaming\npm-cache\chalk\1.1.3\package\package.json not in flight; writing
194 verbose correctMkdir C:\Users\fgyhhg\AppData\Roaming\npm-cache correctMkdir not in flight; initializing
195 http 200 https://registry.npmjs.org/nugget
196 verbose headers { server: 'nginx/1.10.1',
196 verbose headers   'content-type': 'application/json',
196 verbose headers   'last-modified': 'Sun, 22 Oct 2017 14:18:13 GMT',
196 verbose headers   etag: 'W/"59eca8a5-6ff4"',
196 verbose headers   'content-encoding': 'gzip',
196 verbose headers   'cache-control': 'max-age=300',
196 verbose headers   'content-length': '4009',
196 verbose headers   'accept-ranges': 'bytes',
196 verbose headers   date: 'Tue, 31 Oct 2017 10:41:44 GMT',
196 verbose headers   via: '1.1 varnish',
196 verbose headers   age: '234',
196 verbose headers   connection: 'keep-alive',
196 verbose headers   'x-served-by': 'cache-hhn1523-HHN',
196 verbose headers   'x-cache': 'HIT',
196 verbose headers   'x-cache-hits': '1',
196 verbose headers   'x-timer': 'S1509446504.261560,VS0,VE1',
196 verbose headers   vary: 'Accept-Encoding, Accept' }
197 silly get cb [ 200,
197 silly get   { server: 'nginx/1.10.1',
197 silly get     'content-type': 'application/json',
197 silly get     'last-modified': 'Sun, 22 Oct 2017 14:18:13 GMT',
197 silly get     etag: 'W/"59eca8a5-6ff4"',
197 silly get     'content-encoding': 'gzip',
197 silly get     'cache-control': 'max-age=300',
197 silly get     'content-length': '4009',
197 silly get     'accept-ranges': 'bytes',
197 silly get     date: 'Tue, 31 Oct 2017 10:41:44 GMT',
197 silly get     via: '1.1 varnish',
197 silly get     age: '234',
197 silly get     connection: 'keep-alive',
197 silly get     'x-served-by': 'cache-hhn1523-HHN',
197 silly get     'x-cache': 'HIT',
197 silly get     'x-cache-hits': '1',
197 silly get     'x-timer': 'S1509446504.261560,VS0,VE1',
197 silly get     vary: 'Accept-Encoding, Accept' } ]
198 verbose get saving nugget to C:\Users\fgyhhg\AppData\Roaming\npm-cache\registry.npmjs.org\nugget\.cache.json
199 verbose correctMkdir C:\Users\fgyhhg\AppData\Roaming\npm-cache correctMkdir not in flight; initializing
200 verbose afterAdd C:\Users\fgyhhg\AppData\Roaming\npm-cache\chalk\1.1.3\package\package.json written
201 silly resolveWithNewModule nugget@2.0.1 checking installable status
202 silly cache add args [ 'nugget@^2.0.1', null ]
203 verbose cache add spec nugget@^2.0.1
204 silly cache add parsed spec Result {
204 silly cache add   raw: 'nugget@^2.0.1',
204 silly cache add   scope: null,
204 silly cache add   escapedName: 'nugget',
204 silly cache add   name: 'nugget',
204 silly cache add   rawSpec: '^2.0.1',
204 silly cache add   spec: '>=2.0.1 <3.0.0',
204 silly cache add   type: 'range' }
205 silly addNamed nugget@>=2.0.1 <3.0.0
206 verbose addNamed ">=2.0.1 <3.0.0" is a valid semver range for nugget
207 silly addNameRange { name: 'nugget', range: '>=2.0.1 <3.0.0', hasData: false }
208 silly mapToRegistry name nugget
209 silly mapToRegistry using default registry
210 silly mapToRegistry registry https://registry.npmjs.org/
211 silly mapToRegistry data Result {
211 silly mapToRegistry   raw: 'nugget',
211 silly mapToRegistry   scope: null,
211 silly mapToRegistry   escapedName: 'nugget',
211 silly mapToRegistry   name: 'nugget',
211 silly mapToRegistry   rawSpec: '',
211 silly mapToRegistry   spec: 'latest',
211 silly mapToRegistry   type: 'tag' }
212 silly mapToRegistry uri https://registry.npmjs.org/nugget
213 verbose addNameRange registry:https://registry.npmjs.org/nugget not in flight; fetching
214 verbose get https://registry.npmjs.org/nugget not expired, no request
215 silly addNameRange number 2 { name: 'nugget', range: '>=2.0.1 <3.0.0', hasData: true }
216 silly addNameRange versions [ 'nugget',
216 silly addNameRange   [ '1.0.0',
216 silly addNameRange     '1.1.0',
216 silly addNameRange     '1.1.1',
216 silly addNameRange     '1.1.2',
216 silly addNameRange     '1.1.3',
216 silly addNameRange     '1.2.0',
216 silly addNameRange     '1.3.0',
216 silly addNameRange     '1.4.0',
216 silly addNameRange     '1.4.1',
216 silly addNameRange     '1.5.0',
216 silly addNameRange     '1.5.1',
216 silly addNameRange     '1.5.2',
216 silly addNameRange     '1.5.3',
216 silly addNameRange     '1.5.4',
216 silly addNameRange     '1.6.0',
216 silly addNameRange     '1.5.5',
216 silly addNameRange     '1.6.1',
216 silly addNameRange     '2.0.0',
216 silly addNameRange     '1.6.2',
216 silly addNameRange     '2.0.1' ] ]
217 silly addNamed nugget@2.0.1
218 verbose addNamed "2.0.1" is a plain semver version for nugget
219 silly mapToRegistry name nugget
220 silly mapToRegistry using default registry
221 silly mapToRegistry registry https://registry.npmjs.org/
222 silly mapToRegistry data Result {
222 silly mapToRegistry   raw: 'nugget',
222 silly mapToRegistry   scope: null,
222 silly mapToRegistry   escapedName: 'nugget',
222 silly mapToRegistry   name: 'nugget',
222 silly mapToRegistry   rawSpec: '',
222 silly mapToRegistry   spec: 'latest',
222 silly mapToRegistry   type: 'tag' }
223 silly mapToRegistry uri https://registry.npmjs.org/nugget
224 verbose addRemoteTarball https://registry.npmjs.org/nugget/-/nugget-2.0.1.tgz not in flight; adding
225 verbose addRemoteTarball [ 'https://registry.npmjs.org/nugget/-/nugget-2.0.1.tgz',
225 verbose addRemoteTarball   '201095a487e1ad36081b3432fa3cada4f8d071b0' ]
226 http 304 https://registry.npmjs.org/debug
227 verbose headers { date: 'Tue, 31 Oct 2017 10:41:44 GMT',
227 verbose headers   via: '1.1 varnish',
227 verbose headers   'cache-control': 'max-age=300',
227 verbose headers   etag: 'W/"59f24cbb-18f47"',
227 verbose headers   age: '146',
227 verbose headers   connection: 'keep-alive',
227 verbose headers   'x-served-by': 'cache-hhn1547-HHN',
227 verbose headers   'x-cache': 'HIT',
227 verbose headers   'x-cache-hits': '23',
227 verbose headers   'x-timer': 'S1509446504.270430,VS0,VE0',
227 verbose headers   vary: 'Accept-Encoding, Accept' }
228 silly get cb [ 304,
228 silly get   { date: 'Tue, 31 Oct 2017 10:41:44 GMT',
228 silly get     via: '1.1 varnish',
228 silly get     'cache-control': 'max-age=300',
228 silly get     etag: 'W/"59f24cbb-18f47"',
228 silly get     age: '146',
228 silly get     connection: 'keep-alive',
228 silly get     'x-served-by': 'cache-hhn1547-HHN',
228 silly get     'x-cache': 'HIT',
228 silly get     'x-cache-hits': '23',
228 silly get     'x-timer': 'S1509446504.270430,VS0,VE0',
228 silly get     vary: 'Accept-Encoding, Accept' } ]
229 verbose etag https://registry.npmjs.org/debug from cache
230 verbose get saving debug to C:\Users\fgyhhg\AppData\Roaming\npm-cache\registry.npmjs.org\debug\.cache.json
231 verbose correctMkdir C:\Users\fgyhhg\AppData\Roaming\npm-cache correctMkdir not in flight; initializing
232 info retry fetch attempt 1 at 10:41:41 AM
233 info attempt registry request try #1 at 10:41:41 AM
234 http fetch GET https://registry.npmjs.org/nugget/-/nugget-2.0.1.tgz
235 silly resolveWithNewModule debug@2.6.9 checking installable status
236 silly cache add args [ 'debug@^2.6.0', null ]
237 verbose cache add spec debug@^2.6.0
238 silly cache add parsed spec Result {
238 silly cache add   raw: 'debug@^2.6.0',
238 silly cache add   scope: null,
238 silly cache add   escapedName: 'debug',
238 silly cache add   name: 'debug',
238 silly cache add   rawSpec: '^2.6.0',
238 silly cache add   spec: '>=2.6.0 <3.0.0',
238 silly cache add   type: 'range' }
239 silly addNamed debug@>=2.6.0 <3.0.0
240 verbose addNamed ">=2.6.0 <3.0.0" is a valid semver range for debug
241 silly addNameRange { name: 'debug', range: '>=2.6.0 <3.0.0', hasData: false }
242 silly mapToRegistry name debug
243 silly mapToRegistry using default registry
244 silly mapToRegistry registry https://registry.npmjs.org/
245 silly mapToRegistry data Result {
245 silly mapToRegistry   raw: 'debug',
245 silly mapToRegistry   scope: null,
245 silly mapToRegistry   escapedName: 'debug',
245 silly mapToRegistry   name: 'debug',
245 silly mapToRegistry   rawSpec: '',
245 silly mapToRegistry   spec: 'latest',
245 silly mapToRegistry   type: 'tag' }
246 silly mapToRegistry uri https://registry.npmjs.org/debug
247 verbose addNameRange registry:https://registry.npmjs.org/debug not in flight; fetching
248 verbose get https://registry.npmjs.org/debug not expired, no request
249 silly addNameRange number 2 { name: 'debug', range: '>=2.6.0 <3.0.0', hasData: true }
250 silly addNameRange versions [ 'debug',
250 silly addNameRange   [ '0.0.1',
250 silly addNameRange     '0.1.0',
250 silly addNameRange     '0.2.0',
250 silly addNameRange     '0.3.0',
250 silly addNameRange     '0.4.0',
250 silly addNameRange     '0.4.1',
250 silly addNameRange     '0.5.0',
250 silly addNameRange     '0.6.0',
250 silly addNameRange     '0.7.0',
250 silly addNameRange     '0.7.1',
250 silly addNameRange     '0.7.2',
250 silly addNameRange     '0.7.3',
250 silly addNameRange     '0.7.4',
250 silly addNameRange     '0.8.0',
250 silly addNameRange     '0.8.1',
250 silly addNameRange     '1.0.0',
250 silly addNameRange     '1.0.1',
250 silly addNameRange     '1.0.2',
250 silly addNameRange     '1.0.3',
250 silly addNameRange     '1.0.4',
250 silly addNameRange     '2.0.0',
250 silly addNameRange     '2.1.0',
250 silly addNameRange     '2.1.1',
250 silly addNameRange     '2.1.2',
250 silly addNameRange     '2.1.3',
250 silly addNameRange     '2.2.0',
250 silly addNameRange     '2.3.0',
250 silly addNameRange     '2.3.1',
250 silly addNameRange     '2.3.2',
250 silly addNameRange     '2.3.3',
250 silly addNameRange     '2.4.0',
250 silly addNameRange     '2.4.1',
250 silly addNameRange     '2.4.2',
250 silly addNameRange     '2.4.3',
250 silly addNameRange     '2.4.4',
250 silly addNameRange     '2.4.5',
250 silly addNameRange     '2.5.0',
250 silly addNameRange     '2.5.1',
250 silly addNameRange     '2.5.2',
250 silly addNameRange     '2.6.0',
250 silly addNameRange     '2.6.1',
250 silly addNameRange     '2.6.2',
250 silly addNameRange     '2.6.3',
250 silly addNameRange     '2.6.4',
250 silly addNameRange     '2.6.5',
250 silly addNameRange     '2.6.6',
250 silly addNameRange     '2.6.7',
250 silly addNameRange     '2.6.8',
250 silly addNameRange     '1.0.5',
250 silly addNameRange     '3.0.0',
250 silly addNameRange     '3.0.1',
250 silly addNameRange     '2.6.9',
250 silly addNameRange     '3.1.0' ] ]
251 silly addNamed debug@2.6.9
252 verbose addNamed "2.6.9" is a plain semver version for debug
253 silly cache afterAdd debug@2.6.9
254 verbose afterAdd C:\Users\fgyhhg\AppData\Roaming\npm-cache\debug\2.6.9\package\package.json not in flight; writing
255 verbose correctMkdir C:\Users\fgyhhg\AppData\Roaming\npm-cache correctMkdir not in flight; initializing
256 verbose afterAdd C:\Users\fgyhhg\AppData\Roaming\npm-cache\debug\2.6.9\package\package.json written
257 http 200 https://registry.npmjs.org/fs-extra
258 verbose headers { server: 'nginx/1.10.1',
258 verbose headers   'content-type': 'application/json',
258 verbose headers   'last-modified': 'Tue, 31 Oct 2017 02:23:43 GMT',
258 verbose headers   etag: 'W/"59f7deaf-2135a"',
258 verbose headers   'content-encoding': 'gzip',
258 verbose headers   'cache-control': 'max-age=300',
258 verbose headers   'content-length': '15257',
258 verbose headers   'accept-ranges': 'bytes',
258 verbose headers   date: 'Tue, 31 Oct 2017 10:41:44 GMT',
258 verbose headers   via: '1.1 varnish',
258 verbose headers   age: '290',
258 verbose headers   connection: 'keep-alive',
258 verbose headers   'x-served-by': 'cache-hhn1537-HHN',
258 verbose headers   'x-cache': 'HIT',
258 verbose headers   'x-cache-hits': '13',
258 verbose headers   'x-timer': 'S1509446504.258054,VS0,VE0',
258 verbose headers   vary: 'Accept-Encoding, Accept' }
259 silly get cb [ 200,
259 silly get   { server: 'nginx/1.10.1',
259 silly get     'content-type': 'application/json',
259 silly get     'last-modified': 'Tue, 31 Oct 2017 02:23:43 GMT',
259 silly get     etag: 'W/"59f7deaf-2135a"',
259 silly get     'content-encoding': 'gzip',
259 silly get     'cache-control': 'max-age=300',
259 silly get     'content-length': '15257',
259 silly get     'accept-ranges': 'bytes',
259 silly get     date: 'Tue, 31 Oct 2017 10:41:44 GMT',
259 silly get     via: '1.1 varnish',
259 silly get     age: '290',
259 silly get     connection: 'keep-alive',
259 silly get     'x-served-by': 'cache-hhn1537-HHN',
259 silly get     'x-cache': 'HIT',
259 silly get     'x-cache-hits': '13',
259 silly get     'x-timer': 'S1509446504.258054,VS0,VE0',
259 silly get     vary: 'Accept-Encoding, Accept' } ]
260 verbose get saving fs-extra to C:\Users\fgyhhg\AppData\Roaming\npm-cache\registry.npmjs.org\fs-extra\.cache.json
261 verbose correctMkdir C:\Users\fgyhhg\AppData\Roaming\npm-cache correctMkdir not in flight; initializing
262 silly resolveWithNewModule fs-extra@3.0.1 checking installable status
263 silly cache add args [ 'fs-extra@^3.0.0', null ]
264 verbose cache add spec fs-extra@^3.0.0
265 silly cache add parsed spec Result {
265 silly cache add   raw: 'fs-extra@^3.0.0',
265 silly cache add   scope: null,
265 silly cache add   escapedName: 'fs-extra',
265 silly cache add   name: 'fs-extra',
265 silly cache add   rawSpec: '^3.0.0',
265 silly cache add   spec: '>=3.0.0 <4.0.0',
265 silly cache add   type: 'range' }
266 silly addNamed fs-extra@>=3.0.0 <4.0.0
267 verbose addNamed ">=3.0.0 <4.0.0" is a valid semver range for fs-extra
268 silly addNameRange { name: 'fs-extra', range: '>=3.0.0 <4.0.0', hasData: false }
269 silly mapToRegistry name fs-extra
270 silly mapToRegistry using default registry
271 silly mapToRegistry registry https://registry.npmjs.org/
272 silly mapToRegistry data Result {
272 silly mapToRegistry   raw: 'fs-extra',
272 silly mapToRegistry   scope: null,
272 silly mapToRegistry   escapedName: 'fs-extra',
272 silly mapToRegistry   name: 'fs-extra',
272 silly mapToRegistry   rawSpec: '',
272 silly mapToRegistry   spec: 'latest',
272 silly mapToRegistry   type: 'tag' }
273 silly mapToRegistry uri https://registry.npmjs.org/fs-extra
274 verbose addNameRange registry:https://registry.npmjs.org/fs-extra not in flight; fetching
275 verbose get https://registry.npmjs.org/fs-extra not expired, no request
276 silly addNameRange number 2 { name: 'fs-extra', range: '>=3.0.0 <4.0.0', hasData: true }
277 silly addNameRange versions [ 'fs-extra',
277 silly addNameRange   [ '0.0.1',
277 silly addNameRange     '0.0.11',
277 silly addNameRange     '0.0.3',
277 silly addNameRange     '0.0.4',
277 silly addNameRange     '0.1.0',
277 silly addNameRange     '0.1.1',
277 silly addNameRange     '0.1.2',
277 silly addNameRange     '0.1.3',
277 silly addNameRange     '0.2.0',
277 silly addNameRange     '0.2.1',
277 silly addNameRange     '0.3.0',
277 silly addNameRange     '0.3.1',
277 silly addNameRange     '0.3.2',
277 silly addNameRange     '0.4.0',
277 silly addNameRange     '0.5.0',
277 silly addNameRange     '0.6.0',
277 silly addNameRange     '0.6.1',
277 silly addNameRange     '0.6.2',
277 silly addNameRange     '0.6.3',
277 silly addNameRange     '0.6.4',
277 silly addNameRange     '0.7.0',
277 silly addNameRange     '0.7.1',
277 silly addNameRange     '0.8.0',
277 silly addNameRange     '0.8.1',
277 silly addNameRange     '0.9.0',
277 silly addNameRange     '0.9.1',
277 silly addNameRange     '0.10.0',
277 silly addNameRange     '0.11.0',
277 silly addNameRange     '0.11.1',
277 silly addNameRange     '0.12.0',
277 silly addNameRange     '0.13.0',
277 silly addNameRange     '0.14.0',
277 silly addNameRange     '0.15.0',
277 silly addNameRange     '0.16.0',
277 silly addNameRange     '0.16.1',
277 silly addNameRange     '0.16.2',
277 silly addNameRange     '0.16.3',
277 silly addNameRange     '0.16.4',
277 silly addNameRange     '0.16.5',
277 silly addNameRange     '0.17.0',
277 silly addNameRange     '0.18.0',
277 silly addNameRange     '0.18.1',
277 silly addNameRange     '0.18.2',
277 silly addNameRange     '0.18.3',
277 silly addNameRange     '0.18.4',
277 silly addNameRange     '0.19.0',
277 silly addNameRange     '0.20.0',
277 silly addNameRange     '0.20.1',
277 silly addNameRange     '0.21.0',
277 silly addNameRange     '0.22.0',
277 silly addNameRange     '0.22.1',
277 silly addNameRange     '0.23.0',
277 silly addNameRange     '0.23.1',
277 silly addNameRange     '0.24.0',
277 silly addNameRange     '0.25.0',
277 silly addNameRange     '0.26.0',
277 silly addNameRange     '0.26.1',
277 silly addNameRange     '0.26.2',
277 silly addNameRange     '0.26.3',
277 silly addNameRange     '0.26.4',
277 silly addNameRange     '0.26.5',
277 silly addNameRange     '0.26.6',
277 silly addNameRange     '0.26.7',
277 silly addNameRange     '0.27.0',
277 silly addNameRange     '0.28.0',
277 silly addNameRange     '0.29.0',
277 silly addNameRange     '0.30.0',
277 silly addNameRange     '1.0.0',
277 silly addNameRange     '2.0.0',
277 silly addNameRange     '2.1.0',
277 silly addNameRange     '2.1.1',
277 silly addNameRange     '2.1.2',
277 silly addNameRange     '3.0.0',
277 silly addNameRange     '3.0.1',
277 silly addNameRange     '4.0.0',
277 silly addNameRange     '4.0.1',
277 silly addNameRange     '4.0.2' ] ]
278 silly addNamed fs-extra@3.0.1
279 verbose addNamed "3.0.1" is a plain semver version for fs-extra
280 silly mapToRegistry name fs-extra
281 silly mapToRegistry using default registry
282 silly mapToRegistry registry https://registry.npmjs.org/
283 silly mapToRegistry data Result {
283 silly mapToRegistry   raw: 'fs-extra',
283 silly mapToRegistry   scope: null,
283 silly mapToRegistry   escapedName: 'fs-extra',
283 silly mapToRegistry   name: 'fs-extra',
283 silly mapToRegistry   rawSpec: '',
283 silly mapToRegistry   spec: 'latest',
283 silly mapToRegistry   type: 'tag' }
284 silly mapToRegistry uri https://registry.npmjs.org/fs-extra
285 verbose addRemoteTarball https://registry.npmjs.org/fs-extra/-/fs-extra-3.0.1.tgz not in flight; adding
286 verbose addRemoteTarball [ 'https://registry.npmjs.org/fs-extra/-/fs-extra-3.0.1.tgz',
286 verbose addRemoteTarball   '3794f378c58b342ea7dbbb23095109c4b3b62291' ]
287 http fetch 200 https://registry.npmjs.org/nugget/-/nugget-2.0.1.tgz
288 silly fetchAndShaCheck shasum 201095a487e1ad36081b3432fa3cada4f8d071b0
289 verbose addTmpTarball C:\Users\fgyhhg\AppData\Local\Temp\npm-6656-395b28a9\registry.npmjs.org\nugget\-\nugget-2.0.1.tgz not in flight; adding
290 verbose addTmpTarball already have metadata; skipping unpack for nugget@2.0.1
291 verbose correctMkdir C:\Users\fgyhhg\AppData\Roaming\npm-cache correctMkdir not in flight; initializing
292 info retry fetch attempt 1 at 10:41:41 AM
293 info attempt registry request try #1 at 10:41:41 AM
294 http fetch GET https://registry.npmjs.org/fs-extra/-/fs-extra-3.0.1.tgz
295 silly cache afterAdd nugget@2.0.1
296 verbose afterAdd C:\Users\fgyhhg\AppData\Roaming\npm-cache\nugget\2.0.1\package\package.json not in flight; writing
297 verbose correctMkdir C:\Users\fgyhhg\AppData\Roaming\npm-cache correctMkdir not in flight; initializing
298 verbose afterAdd C:\Users\fgyhhg\AppData\Roaming\npm-cache\nugget\2.0.1\package\package.json written
299 http fetch 200 https://registry.npmjs.org/fs-extra/-/fs-extra-3.0.1.tgz
300 verbose stack Error: kill ENOSYS
300 verbose stack     at Object.exports._errnoException (util.js:1020:11)
300 verbose stack     at process.kill (internal/process.js:191:18)
300 verbose stack     at process.listener (C:\Program Files\nodejs\node_modules\npm\node_modules\npmlog\node_modules\gauge\node_modules\signal-exit\index.js:86:15)
300 verbose stack     at emitNone (events.js:91:20)
300 verbose stack     at process.emit (events.js:185:7)
300 verbose stack     at processEmit (C:\Program Files\nodejs\node_modules\npm\node_modules\npmlog\node_modules\gauge\node_modules\signal-exit\index.js:146:32)
300 verbose stack     at processEmit (C:\Program Files\nodejs\node_modules\npm\node_modules\npm-registry-client\node_modules\npmlog\node_modules\gauge\node_modules\signal-exit\index.js:146:32)
300 verbose stack     at Signal.wrap.onsignal (internal/process.js:217:44)
301 verbose cwd C:\Users\fgyhhg\Documents\CEWs\etherwallet-mercury
302 error Windows_NT 6.1.7601
303 error argv "C:\\Program Files\\nodejs\\node.exe" "C:\\Program Files\\nodejs\\node_modules\\npm\\bin\\npm-cli.js" "install" "--global" "windows-build-tools"
304 error node v6.11.5
305 error npm  v3.10.10
306 error code ENOSYS
307 error errno ENOSYS
308 error syscall kill
309 error kill ENOSYS
310 error If you need help, you may report this error at:
310 error     <https://github.com/npm/npm/issues>
311 verbose exit [ 1, true ]
